<?xml version="1.0" encoding="UTF-8"?>
<!-- Generated by org.testng.reporters.JUnitReportReporter -->
<testsuite hostname="Ramesh-PC" name="com.valtech.qachallenge.ValtechHomePageTest" tests="5" failures="0" timestamp="19 Jun 2017 21:55:51 GMT" time="11.900" errors="0">
  <testcase name="clickWorkAndVerify" time="4.312" classname="com.valtech.qachallenge.ValtechHomePageTest"/>
  <testcase name="clickAboutAndVerify" time="1.664" classname="com.valtech.qachallenge.ValtechHomePageTest"/>
  <testcase name="checkLatestNewsSection" time="0.080" classname="com.valtech.qachallenge.ValtechHomePageTest"/>
  <testcase name="clickServicesAndVerify" time="2.164" classname="com.valtech.qachallenge.ValtechHomePageTest"/>
  <testcase name="countValtechOffices" time="3.680" classname="com.valtech.qachallenge.ValtechHomePageTest"/>
</testsuite> <!-- com.valtech.qachallenge.ValtechHomePageTest -->
